Arguments: 
  C:\Program Files\nodejs\node.exe C:\Users\Ganesh\AppData\Roaming\npm\node_modules\yarn\bin\yarn.js create react-app client

PATH: 
  C:\Program Files\Microsoft MPI\Bin\;C:\ProgramData\Oracle\Java\javapath;C:\Windows\system32;C:\Windows;C:\Windows\System32\Wbem;C:\Windows\System32\WindowsPowerShell\v1.0\;C:\Program Files (x86)\ATI Technologies\ATI.ACE\Core-Static;C:\Program Files (x86)\Windows Live\Shared;C:\Program Files (x86)\Graphviz2.38\bin;C:\Program Files\dotnet\;C:\Program Files\Microsoft SQL Server\Client SDK\ODBC\130\Tools\Binn\;C:\Program Files (x86)\Microsoft SQL Server\140\Tools\Binn\;C:\Program Files\Microsoft SQL Server\140\Tools\Binn\;C:\Program Files\Microsoft SQL Server\140\DTS\Binn\;C:\Program Files\Git\cmd;C:\Program Files\nodejs\;C:\Program Files\Java\jdk1.8.0_131\bin;C:\Users\Ganesh\AppData\Local\Programs\Microsoft VS Code\bin;C:\Users\Ganesh\AppData\Roaming\npm;C:\Program Files\heroku\bin

Yarn version: 
  1.22.10

Node version: 
  15.6.0

Platform: 
  win32 x64

Trace: 
  SyntaxError: D:\package.json: Unexpected token } in JSON at position 431
      at JSON.parse (<anonymous>)
      at C:\Users\Ganesh\AppData\Roaming\npm\node_modules\yarn\lib\cli.js:1625:59
      at Generator.next (<anonymous>)
      at step (C:\Users\Ganesh\AppData\Roaming\npm\node_modules\yarn\lib\cli.js:310:30)
      at C:\Users\Ganesh\AppData\Roaming\npm\node_modules\yarn\lib\cli.js:321:13

npm manifest: 
  {
    "name": "Zoom-clone-new",
    "version": "1.0.0",
    "description": "",
    "main": "index.js",
    "scripts": {
      "test": "echo \"Error: no test specified\" && exit 1"
    },
    "keywords": [],
    "author": "",
    "license": "ISC",
    "dependencies": {
      "cors": "^2.8.5",
      "express": "^4.17.1",
      "nodemon": "^2.0.7",
      "socket.io": "^4.0.1"
    }
  }

yarn manifest: 
  No manifest

Lockfile: 
  No lockfile
